{
"contracts/Raffle.sol":{"l":{"69":3,"70":3,"71":3,"72":3,"73":3,"74":3,"75":3,"76":3,"80":6,"81":1,"83":5,"84":0,"86":5,"88":5,"99":4,"100":4,"101":4,"102":4,"103":4,"104":4,"105":4,"106":4,"107":4,"108":4,"112":1,"113":1,"114":1,"120":0,"121":0,"128":0,"135":0,"136":0,"137":0,"138":0,"139":0,"140":0,"141":0,"142":0,"145":0,"149":8,"153":1,"157":0,"161":1,"165":0,"169":0,"173":0,"177":0,"181":9},"path":"/Users/bytedance/Desktop/glack/solidity/5.lottery-hardhat/contracts/Raffle.sol","s":{"1":6,"2":5,"3":5,"4":5,"5":4,"6":4,"7":4,"8":4,"9":4,"10":4,"11":4,"12":4,"13":4,"14":1,"15":1,"16":0,"17":0,"18":0,"19":0,"20":0,"21":0,"22":0,"23":8,"24":1,"25":0,"26":1,"27":0,"28":0,"29":0,"30":0,"31":9},"b":{"1":[1,5],"2":[0,5],"3":[1,0],"4":[0,0]},"f":{"1":3,"2":6,"3":4,"4":1,"5":0,"6":8,"7":1,"8":0,"9":1,"10":0,"11":0,"12":0,"13":0,"14":9},"fnMap":{"1":{"name":"constructor","line":68,"loc":{"start":{"line":61,"column":4},"end":{"line":77,"column":4}}},"2":{"name":"enterRaffle","line":79,"loc":{"start":{"line":79,"column":4},"end":{"line":89,"column":4}}},"3":{"name":"checkUpkeep","line":91,"loc":{"start":{"line":91,"column":4},"end":{"line":109,"column":4}}},"4":{"name":"performUpkeep","line":111,"loc":{"start":{"line":111,"column":4},"end":{"line":129,"column":4}}},"5":{"name":"fulfillRandomWords","line":131,"loc":{"start":{"line":131,"column":4},"end":{"line":146,"column":4}}},"6":{"name":"getEnterFee","line":148,"loc":{"start":{"line":148,"column":4},"end":{"line":150,"column":4}}},"7":{"name":"getPlayer","line":152,"loc":{"start":{"line":152,"column":4},"end":{"line":154,"column":4}}},"8":{"name":"getRecentWinner","line":156,"loc":{"start":{"line":156,"column":4},"end":{"line":158,"column":4}}},"9":{"name":"getRaffleState","line":160,"loc":{"start":{"line":160,"column":4},"end":{"line":162,"column":4}}},"10":{"name":"getNumWords","line":164,"loc":{"start":{"line":164,"column":4},"end":{"line":166,"column":4}}},"11":{"name":"getNumberOfPlayers","line":168,"loc":{"start":{"line":168,"column":4},"end":{"line":170,"column":4}}},"12":{"name":"getLastTimeStamp","line":172,"loc":{"start":{"line":172,"column":4},"end":{"line":174,"column":4}}},"13":{"name":"getRequestConfirmations","line":176,"loc":{"start":{"line":176,"column":4},"end":{"line":178,"column":4}}},"14":{"name":"getInterval","line":180,"loc":{"start":{"line":180,"column":4},"end":{"line":182,"column":4}}}},"statementMap":{"1":{"start":{"line":80,"column":8},"end":{"line":80,"column":2268}},"2":{"start":{"line":83,"column":8},"end":{"line":83,"column":2362}},"3":{"start":{"line":86,"column":8},"end":{"line":86,"column":42}},"4":{"start":{"line":88,"column":8},"end":{"line":88,"column":36}},"5":{"start":{"line":99,"column":8},"end":{"line":99,"column":57}},"6":{"start":{"line":100,"column":8},"end":{"line":100,"column":76}},"7":{"start":{"line":101,"column":8},"end":{"line":101,"column":46}},"8":{"start":{"line":102,"column":8},"end":{"line":102,"column":51}},"9":{"start":{"line":103,"column":8},"end":{"line":103,"column":44}},"10":{"start":{"line":104,"column":8},"end":{"line":104,"column":36}},"11":{"start":{"line":105,"column":8},"end":{"line":105,"column":44}},"12":{"start":{"line":106,"column":8},"end":{"line":106,"column":44}},"13":{"start":{"line":108,"column":8},"end":{"line":108,"column":36}},"14":{"start":{"line":112,"column":8},"end":{"line":112,"column":47}},"15":{"start":{"line":113,"column":8},"end":{"line":113,"column":3405}},"16":{"start":{"line":121,"column":8},"end":{"line":121,"column":3665}},"17":{"start":{"line":128,"column":8},"end":{"line":128,"column":43}},"18":{"start":{"line":135,"column":8},"end":{"line":135,"column":65}},"19":{"start":{"line":136,"column":8},"end":{"line":136,"column":63}},"20":{"start":{"line":140,"column":8},"end":{"line":140,"column":78}},"21":{"start":{"line":141,"column":8},"end":{"line":141,"column":4403}},"22":{"start":{"line":145,"column":8},"end":{"line":145,"column":39}},"23":{"start":{"line":149,"column":8},"end":{"line":149,"column":25}},"24":{"start":{"line":153,"column":8},"end":{"line":153,"column":31}},"25":{"start":{"line":157,"column":8},"end":{"line":157,"column":29}},"26":{"start":{"line":161,"column":8},"end":{"line":161,"column":28}},"27":{"start":{"line":165,"column":8},"end":{"line":165,"column":24}},"28":{"start":{"line":169,"column":8},"end":{"line":169,"column":31}},"29":{"start":{"line":173,"column":8},"end":{"line":173,"column":30}},"30":{"start":{"line":177,"column":8},"end":{"line":177,"column":36}},"31":{"start":{"line":181,"column":8},"end":{"line":181,"column":25}}},"branchMap":{"1":{"line":80,"type":"if","locations":[{"start":{"line":80,"column":8},"end":{"line":80,"column":8}},{"start":{"line":80,"column":8},"end":{"line":80,"column":8}}]},"2":{"line":83,"type":"if","locations":[{"start":{"line":83,"column":8},"end":{"line":83,"column":8}},{"start":{"line":83,"column":8},"end":{"line":83,"column":8}}]},"3":{"line":113,"type":"if","locations":[{"start":{"line":113,"column":8},"end":{"line":113,"column":8}},{"start":{"line":113,"column":8},"end":{"line":113,"column":8}}]},"4":{"line":141,"type":"if","locations":[{"start":{"line":141,"column":8},"end":{"line":141,"column":8}},{"start":{"line":141,"column":8},"end":{"line":141,"column":8}}]}}},
"contracts/test/VRFCoordinatorV2Mock.sol":{"l":{},"path":"/Users/bytedance/Desktop/glack/solidity/5.lottery-hardhat/contracts/test/VRFCoordinatorV2Mock.sol","s":{},"b":{},"f":{},"fnMap":{},"statementMap":{},"branchMap":{}}}
