TN:
SF:/Users/bytedance/Desktop/glack/solidity/5.lottery-hardhat/contracts/Raffle.sol
FN:68,constructor
FN:79,enterRaffle
FN:91,checkUpkeep
FN:111,performUpkeep
FN:131,fulfillRandomWords
FN:148,getEnterFee
FN:152,getPlayer
FN:156,getRecentWinner
FN:160,getRaffleState
FN:164,getNumWords
FN:168,getNumberOfPlayers
FN:172,getLastTimeStamp
FN:176,getRequestConfirmations
FN:180,getInterval
FNF:14
FNH:8
FNDA:3,constructor
FNDA:6,enterRaffle
FNDA:4,checkUpkeep
FNDA:1,performUpkeep
FNDA:0,fulfillRandomWords
FNDA:8,getEnterFee
FNDA:1,getPlayer
FNDA:0,getRecentWinner
FNDA:1,getRaffleState
FNDA:0,getNumWords
FNDA:0,getNumberOfPlayers
FNDA:0,getLastTimeStamp
FNDA:0,getRequestConfirmations
FNDA:9,getInterval
DA:69,3
DA:70,3
DA:71,3
DA:72,3
DA:73,3
DA:74,3
DA:75,3
DA:76,3
DA:80,6
DA:81,1
DA:83,5
DA:84,0
DA:86,5
DA:88,5
DA:99,4
DA:100,4
DA:101,4
DA:102,4
DA:103,4
DA:104,4
DA:105,4
DA:106,4
DA:107,4
DA:108,4
DA:112,1
DA:113,1
DA:114,1
DA:120,0
DA:121,0
DA:128,0
DA:135,0
DA:136,0
DA:137,0
DA:138,0
DA:139,0
DA:140,0
DA:141,0
DA:142,0
DA:145,0
DA:149,8
DA:153,1
DA:157,0
DA:161,1
DA:165,0
DA:169,0
DA:173,0
DA:177,0
DA:181,9
LF:48
LH:30
BRDA:80,1,0,1
BRDA:80,1,1,5
BRDA:83,2,0,0
BRDA:83,2,1,5
BRDA:113,3,0,1
BRDA:113,3,1,0
BRDA:141,4,0,0
BRDA:141,4,1,0
BRF:8
BRH:4
end_of_record
TN:
SF:/Users/bytedance/Desktop/glack/solidity/5.lottery-hardhat/contracts/test/VRFCoordinatorV2Mock.sol
FNF:0
FNH:0
LF:0
LH:0
BRF:0
BRH:0
end_of_record
